<?xml version="1.0" encoding="UTF-8"?>
<!-- Generated by org.testng.reporters.JUnitXMLReporter -->
<testsuite ignored="0" hostname="DESKTOP-5HU0LC5" failures="0" tests="4" name="Default test" time="33.92" errors="0" timestamp="2024-06-12T11:01:13 IST">
  <testcase classname="medifox_Page_Tests.Login_Page_Test" name="verifyLoginPage" time="3.404"/>
  <testcase classname="medifox_Page_Tests.Login_Page_Test" name="invalidUserName" time="1.657"/>
  <testcase classname="medifox_Page_Tests.Login_Page_Test" name="invalidPassword" time="1.34"/>
  <testcase classname="medifox_Page_Tests.Login_Page_Test" name="inPatientRegistrationPage" time="5.324"/>
</testsuite> <!-- Default test -->
