<?xml version="1.0" encoding="UTF-8"?>
<!-- Generated by org.testng.reporters.JUnitXMLReporter -->
<testsuite ignored="0" hostname="DESKTOP-5HU0LC5" failures="0" tests="3" name="Default test" time="30.11" errors="0" timestamp="2024-06-11T14:23:42 IST">
  <testcase classname="medifox_Page_Tests.Login_Page_Test" name="verifyLoginPage" time="5.252"/>
  <testcase classname="medifox_Page_Tests.Login_Page_Test" name="invalidUserName" time="1.622"/>
  <testcase classname="medifox_Page_Tests.Login_Page_Test" name="invalidPassword" time="1.301"/>
</testsuite> <!-- Default test -->
