<?xml version="1.0" encoding="UTF-8"?>
<!-- Generated by org.testng.reporters.JUnitXMLReporter -->
<testsuite ignored="0" hostname="AKSHAY" failures="0" tests="2" name="Test" time="0.164" errors="0" timestamp="2022-06-07T03:29:38 GMT-12:00">
  <testcase classname="orangHrm.BasePage" name="@BeforeTest setup" time="0.016">
    <failure type="java.lang.NullPointerException" message="Cannot invoke &amp;quot;org.openqa.selenium.WebDriver.manage()&amp;quot; because &amp;quot;orangHrm.BasePage.driver&amp;quot; is null">
      <![CDATA[java.lang.NullPointerException: Cannot invoke "org.openqa.selenium.WebDriver.manage()" because "orangHrm.BasePage.driver" is null
at orangHrm.BasePage.driverSetup(BasePage.java:44)
at orangHrm.BasePage.setup(BasePage.java:17)
... Removed 24 stack frames]]>
    </failure>
  </testcase> <!-- @BeforeTest setup -->
  <testcase classname="orangHrm.BasePage" name="@AfterTest tearDown" time="-1.654615778335E9">
    <skipped/>
  </testcase> <!-- @AfterTest tearDown -->
  <testcase classname="orangHrm.LoginPageTest" name="loginPage" time="0.0">
    <skipped/>
  </testcase> <!-- loginPage -->
  <testcase classname="orangHrm.LoginPageTest" name="titleTest" time="0.0">
    <skipped/>
  </testcase> <!-- titleTest -->
</testsuite> <!-- Test -->
