<?xml version="1.0" encoding="UTF-8"?>
<!-- Generated by org.testng.reporters.JUnitXMLReporter -->
<testsuite ignored="0" hostname="AKSHAY" failures="1" tests="11" name="Test" time="47.346" errors="0" timestamp="2022-06-01T05:17:57 GMT-12:00">
  <testcase classname="testNGPractice.GoogleTest" name="googleLogoTest" time="0.152"/>
  <testcase classname="testNGPractice.GoogleTest" name="googleTitletest" time="0.016"/>
  <testcase classname="testNGPractice.ExpectedExceptionsHandling" name="test" time="0.003"/>
  <testcase classname="testNGPractice.Assertions" name="googleLogoTest" time="0.127"/>
  <testcase classname="testNGPractice.Assertions" name="googleTitletest" time="0.017"/>
  <testcase classname="testNGPractice.NewTest" name="demo" time="0.003"/>
  <testcase classname="testNGPractice.Grouping" name="College" time="0.002">
    <failure type="java.lang.ArithmeticException" message="/ by zero">
      <![CDATA[java.lang.ArithmeticException: / by zero
at testNGPractice.Grouping.College(Grouping.java:17)
at java.base/java.util.ArrayList.forEach(ArrayList.java:1511)
... Removed 27 stack frames]]>
    </failure>
  </testcase> <!-- College -->
  <testcase classname="testNGPractice.Grouping" name="Library" time="0.0">
    <skipped/>
  </testcase> <!-- Library -->
  <testcase classname="testNGPractice.Grouping" name="Temple" time="0.002"/>
  <testcase classname="testNGPractice.Grouping" name="eat" time="0.002"/>
  <testcase classname="testNGPractice.Grouping" name="travelling" time="0.008"/>
</testsuite> <!-- Test -->
