<?xml version="1.0" encoding="UTF-8"?>
<testng-results ignored="0" total="3" passed="3" failed="0" skipped="0">
  <reporter-output>
  </reporter-output>
  <suite started-at="2024-06-11T14:23:11 IST" name="Default suite" finished-at="2024-06-11T14:23:41 IST" duration-ms="30110">
    <groups>
    </groups>
    <test started-at="2024-06-11T14:23:11 IST" name="Default test" finished-at="2024-06-11T14:23:41 IST" duration-ms="30110">
      <class name="medifox_Page_Tests.Login_Page_Test">
        <test-method is-config="true" signature="beforeSuiteStart()[pri:0, instance:medifox_Page_Tests.Login_Page_Test@27406a17]" started-at="2024-06-11T14:23:11 IST" name="beforeSuiteStart" finished-at="2024-06-11T14:23:11 IST" duration-ms="667" status="PASS">
          <reporter-output>
          </reporter-output>
        </test-method> <!-- beforeSuiteStart -->
        <test-method is-config="true" signature="beforeEachTest(java.lang.reflect.Method)[pri:0, instance:medifox_Page_Tests.Login_Page_Test@27406a17]" started-at="2024-06-11T14:23:11 IST" name="beforeEachTest" finished-at="2024-06-11T14:23:23 IST" duration-ms="11473" status="PASS">
          <params>
            <param index="0">
              <value>
                <![CDATA[public void medifox_Page_Tests.Login_Page_Test.verifyLoginPage()]]>
              </value>
            </param>
          </params>
          <reporter-output>
          </reporter-output>
        </test-method> <!-- beforeEachTest -->
        <test-method signature="verifyLoginPage()[pri:0, instance:medifox_Page_Tests.Login_Page_Test@27406a17]" started-at="2024-06-11T14:23:23 IST" name="verifyLoginPage" finished-at="2024-06-11T14:23:28 IST" duration-ms="5252" status="PASS">
          <reporter-output>
          </reporter-output>
        </test-method> <!-- verifyLoginPage -->
        <test-method is-config="true" signature="afterEachTest(java.lang.reflect.Method)[pri:0, instance:medifox_Page_Tests.Login_Page_Test@27406a17]" started-at="2024-06-11T14:23:28 IST" name="afterEachTest" finished-at="2024-06-11T14:23:29 IST" duration-ms="1151" status="PASS">
          <params>
            <param index="0">
              <value>
                <![CDATA[public void medifox_Page_Tests.Login_Page_Test.verifyLoginPage()]]>
              </value>
            </param>
          </params>
          <reporter-output>
          </reporter-output>
        </test-method> <!-- afterEachTest -->
        <test-method is-config="true" signature="beforeEachTest(java.lang.reflect.Method)[pri:0, instance:medifox_Page_Tests.Login_Page_Test@27406a17]" started-at="2024-06-11T14:23:29 IST" name="beforeEachTest" finished-at="2024-06-11T14:23:34 IST" duration-ms="4245" status="PASS">
          <params>
            <param index="0">
              <value>
                <![CDATA[public void medifox_Page_Tests.Login_Page_Test.invalidUserName()]]>
              </value>
            </param>
          </params>
          <reporter-output>
          </reporter-output>
        </test-method> <!-- beforeEachTest -->
        <test-method signature="invalidUserName()[pri:1, instance:medifox_Page_Tests.Login_Page_Test@27406a17]" started-at="2024-06-11T14:23:34 IST" name="invalidUserName" finished-at="2024-06-11T14:23:35 IST" duration-ms="1622" status="PASS">
          <reporter-output>
          </reporter-output>
        </test-method> <!-- invalidUserName -->
        <test-method is-config="true" signature="afterEachTest(java.lang.reflect.Method)[pri:0, instance:medifox_Page_Tests.Login_Page_Test@27406a17]" started-at="2024-06-11T14:23:35 IST" name="afterEachTest" finished-at="2024-06-11T14:23:36 IST" duration-ms="674" status="PASS">
          <params>
            <param index="0">
              <value>
                <![CDATA[public void medifox_Page_Tests.Login_Page_Test.invalidUserName()]]>
              </value>
            </param>
          </params>
          <reporter-output>
          </reporter-output>
        </test-method> <!-- afterEachTest -->
        <test-method is-config="true" signature="beforeEachTest(java.lang.reflect.Method)[pri:0, instance:medifox_Page_Tests.Login_Page_Test@27406a17]" started-at="2024-06-11T14:23:36 IST" name="beforeEachTest" finished-at="2024-06-11T14:23:40 IST" duration-ms="3717" status="PASS">
          <params>
            <param index="0">
              <value>
                <![CDATA[public void medifox_Page_Tests.Login_Page_Test.invalidPassword()]]>
              </value>
            </param>
          </params>
          <reporter-output>
          </reporter-output>
        </test-method> <!-- beforeEachTest -->
        <test-method signature="invalidPassword()[pri:2, instance:medifox_Page_Tests.Login_Page_Test@27406a17]" started-at="2024-06-11T14:23:40 IST" name="invalidPassword" finished-at="2024-06-11T14:23:41 IST" duration-ms="1301" status="PASS">
          <reporter-output>
          </reporter-output>
        </test-method> <!-- invalidPassword -->
        <test-method is-config="true" signature="afterEachTest(java.lang.reflect.Method)[pri:0, instance:medifox_Page_Tests.Login_Page_Test@27406a17]" started-at="2024-06-11T14:23:41 IST" name="afterEachTest" finished-at="2024-06-11T14:23:41 IST" duration-ms="575" status="PASS">
          <params>
            <param index="0">
              <value>
                <![CDATA[public void medifox_Page_Tests.Login_Page_Test.invalidPassword()]]>
              </value>
            </param>
          </params>
          <reporter-output>
          </reporter-output>
        </test-method> <!-- afterEachTest -->
      </class> <!-- medifox_Page_Tests.Login_Page_Test -->
    </test> <!-- Default test -->
  </suite> <!-- Default suite -->
</testng-results>
